<?xml version="1.0" encoding="UTF-8"?>
<!-- Generated by org.testng.reporters.JUnitReportReporter -->
<testsuite hostname="DESKTOP-B2IFMI2" failures="0" tests="1" name="com.selenium.test.despegarTest" time="11.288" errors="0" timestamp="2022-06-03T00:35:41 ART" skipped="0">
  <testcase classname="com.selenium.test.despegarTest" name="actividad1Despegar" time="11.288"/>
  <system-out>
    <![CDATA[Abrir Navegador Chrome]]>
  </system-out>
</testsuite> <!-- com.selenium.test.despegarTest -->
